9月-21 16:30:09.754 [main] DEBUG nextflow.cli.Launcher - $> nextflow run genomics_01.nf
9月-21 16:30:09.799 [main] DEBUG nextflow.cli.CmdRun - N E X T F L O W  ~  version 25.04.7
9月-21 16:30:09.809 [main] DEBUG nextflow.plugin.PluginsFacade - Setting up plugin manager > mode=prod; embedded=false; plugins-dir=/Users/shohei-noda/.nextflow/plugins; core-plugins: nf-amazon@2.15.0-patch1,nf-azure@1.16.0-patch1,nf-cloudcache@0.4.3,nf-codecommit@0.2.3,nf-console@1.2.1,nf-google@1.21.1,nf-k8s@1.0.0,nf-tower@1.11.4-patch1,nf-wave@1.12.1
9月-21 16:30:09.818 [main] INFO  o.pf4j.DefaultPluginStatusProvider - Enabled plugins: []
9月-21 16:30:09.818 [main] INFO  o.pf4j.DefaultPluginStatusProvider - Disabled plugins: []
9月-21 16:30:09.819 [main] INFO  org.pf4j.DefaultPluginManager - PF4J version 3.12.0 in 'deployment' mode
9月-21 16:30:09.823 [main] INFO  org.pf4j.AbstractPluginManager - No plugins
9月-21 16:30:09.831 [main] DEBUG nextflow.config.ConfigBuilder - Found config local: /Users/shohei-noda/git/nextflow_genomics_01/nextflow.config
9月-21 16:30:09.832 [main] DEBUG nextflow.config.ConfigBuilder - Parsing config file: /Users/shohei-noda/git/nextflow_genomics_01/nextflow.config
9月-21 16:30:09.847 [main] DEBUG n.secret.LocalSecretsProvider - Secrets store: /Users/shohei-noda/.nextflow/secrets/store.json
9月-21 16:30:09.848 [main] DEBUG nextflow.secret.SecretsLoader - Discovered secrets providers: [nextflow.secret.LocalSecretsProvider@534ca02b] - activable => nextflow.secret.LocalSecretsProvider@534ca02b
9月-21 16:30:09.851 [main] DEBUG nextflow.config.ConfigBuilder - Applying config profile: `standard`
9月-21 16:30:09.999 [main] DEBUG nextflow.cli.CmdRun - Applied DSL=2 by global default
9月-21 16:30:10.006 [main] DEBUG nextflow.cli.CmdRun - Launching `genomics_01.nf` [astonishing_hypatia] DSL2 - revision: 1e99633bb6
9月-21 16:30:10.007 [main] DEBUG nextflow.plugin.PluginsFacade - Plugins default=[]
9月-21 16:30:10.007 [main] DEBUG nextflow.plugin.PluginsFacade - Plugins resolved requirement=[]
9月-21 16:30:10.028 [main] DEBUG nextflow.Session - Session UUID: bd72aca6-47c4-499f-b367-7d53e4c66e38
9月-21 16:30:10.028 [main] DEBUG nextflow.Session - Run name: astonishing_hypatia
9月-21 16:30:10.028 [main] DEBUG nextflow.Session - Executor pool size: 14
9月-21 16:30:10.031 [main] DEBUG nextflow.file.FilePorter - File porter settings maxRetries=3; maxTransfers=50; pollTimeout=null
9月-21 16:30:10.033 [main] DEBUG nextflow.util.ThreadPoolBuilder - Creating thread pool 'FileTransfer' minSize=10; maxSize=42; workQueue=LinkedBlockingQueue[-1]; allowCoreThreadTimeout=false
9月-21 16:30:10.043 [main] DEBUG nextflow.cli.CmdRun - 
  Version: 25.04.7 build 5955
  Created: 08-09-2025 13:29 UTC (22:29 JDT)
  System: Mac OS X 15.6.1
  Runtime: Groovy 4.0.26 on OpenJDK 64-Bit Server VM 17.0.16+0
  Encoding: UTF-8 (UTF-8)
  Process: 13279@ShoheinoMacBook-Pro.local [127.0.0.1]
  CPUs: 14 - Mem: 24 GB (360.9 MB) - Swap: 0 (0)
9月-21 16:30:10.050 [main] DEBUG nextflow.Session - Work-dir: /Users/shohei-noda/git/nextflow_genomics_01/work [Mac OS X]
9月-21 16:30:10.050 [main] DEBUG nextflow.Session - Script base path does not exist or is not a directory: /Users/shohei-noda/git/nextflow_genomics_01/bin
9月-21 16:30:10.054 [main] DEBUG nextflow.executor.ExecutorFactory - Extension executors providers=[]
9月-21 16:30:10.057 [main] DEBUG nextflow.Session - Observer factory: DefaultObserverFactory
9月-21 16:30:10.059 [main] DEBUG nextflow.Session - Observer factory (v2): LinObserverFactory
9月-21 16:30:10.067 [main] DEBUG nextflow.cache.CacheFactory - Using Nextflow cache factory: nextflow.cache.DefaultCacheFactory
9月-21 16:30:10.071 [main] DEBUG nextflow.util.CustomThreadPool - Creating default thread pool > poolSize: 15; maxThreads: 1000
9月-21 16:30:10.094 [main] DEBUG nextflow.Session - Session start
9月-21 16:30:10.188 [main] DEBUG nextflow.script.ScriptRunner - > Launching execution
9月-21 16:30:10.342 [main] DEBUG nextflow.executor.ExecutorFactory - << taskConfig executor: null
9月-21 16:30:10.342 [main] DEBUG nextflow.executor.ExecutorFactory - >> processorType: 'local'
9月-21 16:30:10.345 [main] DEBUG nextflow.executor.Executor - [warm up] executor > local
9月-21 16:30:10.347 [main] DEBUG n.processor.LocalPollingMonitor - Creating local task monitor for executor 'local' > cpus=14; memory=24 GB; capacity=14; pollInterval=100ms; dumpInterval=5m
9月-21 16:30:10.348 [main] DEBUG n.processor.TaskPollingMonitor - >>> barrier register (monitor: local)
9月-21 16:30:10.356 [main] DEBUG nextflow.processor.TaskProcessor - Creating process 'FASTQC': maxForks=0; fair=false; array=0
9月-21 16:30:10.373 [main] DEBUG nextflow.executor.ExecutorFactory - << taskConfig executor: null
9月-21 16:30:10.373 [main] DEBUG nextflow.executor.ExecutorFactory - >> processorType: 'local'
9月-21 16:30:10.374 [main] DEBUG nextflow.processor.TaskProcessor - Creating process 'TRIMMOMATIC': maxForks=0; fair=false; array=0
9月-21 16:30:10.376 [main] DEBUG nextflow.Session - Workflow process names [dsl2]: FASTQC, TRIMMOMATIC
9月-21 16:30:10.376 [main] DEBUG nextflow.Session - Igniting dataflow network (4)
9月-21 16:30:10.379 [main] DEBUG nextflow.processor.TaskProcessor - Starting process > FASTQC
9月-21 16:30:10.379 [main] DEBUG nextflow.processor.TaskProcessor - Starting process > TRIMMOMATIC
9月-21 16:30:10.380 [main] DEBUG nextflow.script.ScriptRunner - Parsed script files:
  Script_034cc4c6f93e45af: /Users/shohei-noda/git/nextflow_genomics_01/genomics_01.nf
  Script_54964aa970720814: /Users/shohei-noda/git/nextflow_genomics_01/modules/fastqc.nf
  Script_36f25d5376a51728: /Users/shohei-noda/git/nextflow_genomics_01/modules/trimmomatic.nf
9月-21 16:30:10.380 [main] DEBUG nextflow.script.ScriptRunner - > Awaiting termination 
9月-21 16:30:10.380 [main] DEBUG nextflow.Session - Session await
9月-21 16:30:10.450 [Task submitter] DEBUG n.executor.local.LocalTaskHandler - Launch cmd line: /bin/bash -ue .command.run
9月-21 16:30:10.451 [Task submitter] INFO  nextflow.Session - [7a/0ecfc8] Submitted process > TRIMMOMATIC (1)
9月-21 16:30:10.456 [Task submitter] DEBUG n.executor.local.LocalTaskHandler - Launch cmd line: /bin/bash -ue .command.run
9月-21 16:30:10.456 [Task submitter] INFO  nextflow.Session - [6e/b96f02] Submitted process > FASTQC (1)
9月-21 16:30:12.814 [Task monitor] DEBUG n.processor.TaskPollingMonitor - Task completed > TaskHandler[id: 1; name: FASTQC (1); status: COMPLETED; exit: 0; error: -; workDir: /Users/shohei-noda/git/nextflow_genomics_01/work/6e/b96f02277e6163bb5689915b02c094]
9月-21 16:30:12.815 [Task monitor] DEBUG nextflow.util.ThreadPoolBuilder - Creating thread pool 'TaskFinalizer' minSize=10; maxSize=42; workQueue=LinkedBlockingQueue[-1]; allowCoreThreadTimeout=false
9月-21 16:30:18.952 [Task monitor] DEBUG n.processor.TaskPollingMonitor - Task completed > TaskHandler[id: 2; name: TRIMMOMATIC (1); status: COMPLETED; exit: 0; error: -; workDir: /Users/shohei-noda/git/nextflow_genomics_01/work/7a/0ecfc85d4a06787149bd51329ee1e8]
9月-21 16:30:18.957 [main] DEBUG nextflow.Session - Session await > all processes finished
9月-21 16:30:19.058 [Task monitor] DEBUG n.processor.TaskPollingMonitor - <<< barrier arrives (monitor: local) - terminating tasks monitor poll loop
9月-21 16:30:19.058 [main] DEBUG nextflow.Session - Session await > all barriers passed
9月-21 16:30:19.059 [main] DEBUG nextflow.util.ThreadPoolManager - Thread pool 'TaskFinalizer' shutdown completed (hard=false)
9月-21 16:30:19.062 [main] DEBUG n.trace.WorkflowStatsObserver - Workflow completed > WorkflowStats[succeededCount=2; failedCount=0; ignoredCount=0; cachedCount=0; pendingCount=0; submittedCount=0; runningCount=0; retriesCount=0; abortedCount=0; succeedDuration=10.8s; failedDuration=0ms; cachedDuration=0ms;loadCpus=0; loadMemory=0; peakRunning=2; peakCpus=2; peakMemory=0; ]
9月-21 16:30:19.100 [main] DEBUG nextflow.cache.CacheDB - Closing CacheDB done
9月-21 16:30:19.107 [main] DEBUG nextflow.util.ThreadPoolManager - Thread pool 'FileTransfer' shutdown completed (hard=false)
9月-21 16:30:19.107 [main] DEBUG nextflow.script.ScriptRunner - > Execution complete -- Goodbye
